# JRE version: 7.0_25-b17
# Java VM: Java HotSpot(TM) Client VM (23.25-b01 mixed mode, sharing windows-x86 )
Heap
 def new generation   total 20416K, used 14885K [0x23470000, 0x24a90000, 0x289c0000)
  eden space 18176K,  81% used [0x23470000, 0x242f9098, 0x24630000)
  from space 2240K,   0% used [0x24860000, 0x248605d0, 0x24a90000)
  to   space 2240K,   0% used [0x24630000, 0x24630000, 0x24860000)
 tenured generation   total 45196K, used 38442K [0x289c0000, 0x2b5e3000, 0x33470000)
   the space 45196K,  85% used [0x289c0000, 0x2af4a918, 0x2af4aa00, 0x2b5e3000)
 compacting perm gen  total 12288K, used 1623K [0x33470000, 0x34070000, 0x37470000)
   the space 12288K,  13% used [0x33470000, 0x33605e18, 0x33606000, 0x34070000)
    ro space 10240K,  45% used [0x37470000, 0x378f9b28, 0x378f9c00, 0x37e70000)
    rw space 12288K,  54% used [0x37e70000, 0x384fd0e8, 0x384fd200, 0x38a70000)
GC Heap History (10 events):
Event: 4.582 GC heap before
{Heap before GC invocations=70 (full 3):
 def new generation   total 20416K, used 16464K [0x23470000, 0x24a90000, 0x289c0000)
  eden space 18176K,  90% used [0x23470000, 0x24483ae0, 0x24630000)
  from space 2240K,   0% used [0x24630000, 0x246305d0, 0x24860000)
  to   space 2240K,   0% used [0x24860000, 0x24860000, 0x24a90000)
 tenured generation   total 45196K, used 38442K [0x289c0000, 0x2b5e3000, 0x33470000)
   the space 45196K,  85% used [0x289c0000, 0x2af4a918, 0x2af4aa00, 0x2b5e3000)
 compacting perm gen  total 12288K, used 1616K [0x33470000, 0x34070000, 0x37470000)
   the space 12288K,  13% used [0x33470000, 0x33604030, 0x33604200, 0x34070000)
    ro space 10240K,  45% used [0x37470000, 0x378f9b28, 0x378f9c00, 0x37e70000)
    rw space 12288K,  54% used [0x37e70000, 0x384fd0e8, 0x384fd200, 0x38a70000)
Event: 4.583 GC heap after
Heap after GC invocations=71 (full 3):
 def new generation   total 20416K, used 1K [0x23470000, 0x24a90000, 0x289c0000)
  eden space 18176K,   0% used [0x23470000, 0x23470000, 0x24630000)
  from space 2240K,   0% used [0x24860000, 0x248605d0, 0x24a90000)
  to   space 2240K,   0% used [0x24630000, 0x24630000, 0x24860000)
 tenured generation   total 45196K, used 38442K [0x289c0000, 0x2b5e3000, 0x33470000)
   the space 45196K,  85% used [0x289c0000, 0x2af4a918, 0x2af4aa00, 0x2b5e3000)
 compacting perm gen  total 12288K, used 1616K [0x33470000, 0x34070000, 0x37470000)
   the space 12288K,  13% used [0x33470000, 0x33604030, 0x33604200, 0x34070000)
    ro space 10240K,  45% used [0x37470000, 0x378f9b28, 0x378f9c00, 0x37e70000)
    rw space 12288K,  54% used [0x37e70000, 0x384fd0e8, 0x384fd200, 0x38a70000)
}
Event: 4.639 GC heap before
{Heap before GC invocations=71 (full 3):
 def new generation   total 20416K, used 16464K [0x23470000, 0x24a90000, 0x289c0000)
  eden space 18176K,  90% used [0x23470000, 0x24483ab8, 0x24630000)
  from space 2240K,   0% used [0x24860000, 0x248605d0, 0x24a90000)
  to   space 2240K,   0% used [0x24630000, 0x24630000, 0x24860000)
 tenured generation   total 45196K, used 38442K [0x289c0000, 0x2b5e3000, 0x33470000)
   the space 45196K,  85% used [0x289c0000, 0x2af4a918, 0x2af4aa00, 0x2b5e3000)
 compacting perm gen  total 12288K, used 1616K [0x33470000, 0x34070000, 0x37470000)
   the space 12288K,  13% used [0x33470000, 0x33604030, 0x33604200, 0x34070000)
    ro space 10240K,  45% used [0x37470000, 0x378f9b28, 0x378f9c00, 0x37e70000)
    rw space 12288K,  54% used [0x37e70000, 0x384fd0e8, 0x384fd200, 0x38a70000)
Event: 4.639 GC heap after
Heap after GC invocations=72 (full 3):
 def new generation   total 20416K, used 1K [0x23470000, 0x24a90000, 0x289c0000)
  eden space 18176K,   0% used [0x23470000, 0x23470000, 0x24630000)
  from space 2240K,   0% used [0x24630000, 0x246305d0, 0x24860000)
  to   space 2240K,   0% used [0x24860000, 0x24860000, 0x24a90000)
 tenured generation   total 45196K, used 38442K [0x289c0000, 0x2b5e3000, 0x33470000)
   the space 45196K,  85% used [0x289c0000, 0x2af4a918, 0x2af4aa00, 0x2b5e3000)
 compacting perm gen  total 12288K, used 1616K [0x33470000, 0x34070000, 0x37470000)
   the space 12288K,  13% used [0x33470000, 0x33604030, 0x33604200, 0x34070000)
    ro space 10240K,  45% used [0x37470000, 0x378f9b28, 0x378f9c00, 0x37e70000)
    rw space 12288K,  54% used [0x37e70000, 0x384fd0e8, 0x384fd200, 0x38a70000)
}
Event: 4.696 GC heap before
{Heap before GC invocations=72 (full 3):
 def new generation   total 20416K, used 16464K [0x23470000, 0x24a90000, 0x289c0000)
  eden space 18176K,  90% used [0x23470000, 0x24483b10, 0x24630000)
  from space 2240K,   0% used [0x24630000, 0x246305d0, 0x24860000)
  to   space 2240K,   0% used [0x24860000, 0x24860000, 0x24a90000)
 tenured generation   total 45196K, used 38442K [0x289c0000, 0x2b5e3000, 0x33470000)
   the space 45196K,  85% used [0x289c0000, 0x2af4a918, 0x2af4aa00, 0x2b5e3000)
 compacting perm gen  total 12288K, used 1616K [0x33470000, 0x34070000, 0x37470000)
   the space 12288K,  13% used [0x33470000, 0x33604030, 0x33604200, 0x34070000)
    ro space 10240K,  45% used [0x37470000, 0x378f9b28, 0x378f9c00, 0x37e70000)
    rw space 12288K,  54% used [0x37e70000, 0x384fd0e8, 0x384fd200, 0x38a70000)
Event: 4.696 GC heap after
Heap after GC invocations=73 (full 3):
 def new generation   total 20416K, used 1K [0x23470000, 0x24a90000, 0x289c0000)
  eden space 18176K,   0% used [0x23470000, 0x23470000, 0x24630000)
  from space 2240K,   0% used [0x24860000, 0x248605d0, 0x24a90000)
  to   space 2240K,   0% used [0x24630000, 0x24630000, 0x24860000)
 tenured generation   total 45196K, used 38442K [0x289c0000, 0x2b5e3000, 0x33470000)
   the space 45196K,  85% used [0x289c0000, 0x2af4a918, 0x2af4aa00, 0x2b5e3000)
 compacting perm gen  total 12288K, used 1616K [0x33470000, 0x34070000, 0x37470000)
   the space 12288K,  13% used [0x33470000, 0x33604030, 0x33604200, 0x34070000)
    ro space 10240K,  45% used [0x37470000, 0x378f9b28, 0x378f9c00, 0x37e70000)
    rw space 12288K,  54% used [0x37e70000, 0x384fd0e8, 0x384fd200, 0x38a70000)
}
Event: 4.750 GC heap before
{Heap before GC invocations=73 (full 3):
 def new generation   total 20416K, used 16464K [0x23470000, 0x24a90000, 0x289c0000)
  eden space 18176K,  90% used [0x23470000, 0x24483b30, 0x24630000)
  from space 2240K,   0% used [0x24860000, 0x248605d0, 0x24a90000)
  to   space 2240K,   0% used [0x24630000, 0x24630000, 0x24860000)
 tenured generation   total 45196K, used 38442K [0x289c0000, 0x2b5e3000, 0x33470000)
   the space 45196K,  85% used [0x289c0000, 0x2af4a918, 0x2af4aa00, 0x2b5e3000)
 compacting perm gen  total 12288K, used 1616K [0x33470000, 0x34070000, 0x37470000)
   the space 12288K,  13% used [0x33470000, 0x33604050, 0x33604200, 0x34070000)
    ro space 10240K,  45% used [0x37470000, 0x378f9b28, 0x378f9c00, 0x37e70000)
    rw space 12288K,  54% used [0x37e70000, 0x384fd0e8, 0x384fd200, 0x38a70000)
Event: 4.751 GC heap after
Heap after GC invocations=74 (full 3):
 def new generation   total 20416K, used 1K [0x23470000, 0x24a90000, 0x289c0000)
  eden space 18176K,   0% used [0x23470000, 0x23470000, 0x24630000)
  from space 2240K,   0% used [0x24630000, 0x246305d0, 0x24860000)
  to   space 2240K,   0% used [0x24860000, 0x24860000, 0x24a90000)
 tenured generation   total 45196K, used 38442K [0x289c0000, 0x2b5e3000, 0x33470000)
   the space 45196K,  85% used [0x289c0000, 0x2af4a918, 0x2af4aa00, 0x2b5e3000)
 compacting perm gen  total 12288K, used 1616K [0x33470000, 0x34070000, 0x37470000)
   the space 12288K,  13% used [0x33470000, 0x33604050, 0x33604200, 0x34070000)
    ro space 10240K,  45% used [0x37470000, 0x378f9b28, 0x378f9c00, 0x37e70000)
    rw space 12288K,  54% used [0x37e70000, 0x384fd0e8, 0x384fd200, 0x38a70000)
}
Event: 4.794 GC heap before
{Heap before GC invocations=74 (full 3):
 def new generation   total 20416K, used 16464K [0x23470000, 0x24a90000, 0x289c0000)
  eden space 18176K,  90% used [0x23470000, 0x24483b00, 0x24630000)
  from space 2240K,   0% used [0x24630000, 0x246305d0, 0x24860000)
  to   space 2240K,   0% used [0x24860000, 0x24860000, 0x24a90000)
 tenured generation   total 45196K, used 38442K [0x289c0000, 0x2b5e3000, 0x33470000)
   the space 45196K,  85% used [0x289c0000, 0x2af4a918, 0x2af4aa00, 0x2b5e3000)
 compacting perm gen  total 12288K, used 1616K [0x33470000, 0x34070000, 0x37470000)
   the space 12288K,  13% used [0x33470000, 0x33604050, 0x33604200, 0x34070000)
    ro space 10240K,  45% used [0x37470000, 0x378f9b28, 0x378f9c00, 0x37e70000)
    rw space 12288K,  54% used [0x37e70000, 0x384fd0e8, 0x384fd200, 0x38a70000)
Event: 4.794 GC heap after
Heap after GC invocations=75 (full 3):
 def new generation   total 20416K, used 1K [0x23470000, 0x24a90000, 0x289c0000)
  eden space 18176K,   0% used [0x23470000, 0x23470000, 0x24630000)
  from space 2240K,   0% used [0x24860000, 0x248605d0, 0x24a90000)
  to   space 2240K,   0% used [0x24630000, 0x24630000, 0x24860000)
 tenured generation   total 45196K, used 38442K [0x289c0000, 0x2b5e3000, 0x33470000)
   the space 45196K,  85% used [0x289c0000, 0x2af4a918, 0x2af4aa00, 0x2b5e3000)
 compacting perm gen  total 12288K, used 1616K [0x33470000, 0x34070000, 0x37470000)
   the space 12288K,  13% used [0x33470000, 0x33604050, 0x33604200, 0x34070000)
    ro space 10240K,  45% used [0x37470000, 0x378f9b28, 0x378f9c00, 0x37e70000)
    rw space 12288K,  54% used [0x37e70000, 0x384fd0e8, 0x384fd200, 0x38a70000)
}

